{
  "stats": {
    "suites": 1,
    "tests": 1,
    "passes": 1,
    "pending": 0,
    "failures": 0,
    "start": "2020-01-27T18:18:54.177Z",
    "end": "2020-01-27T18:18:57.782Z",
    "duration": 3605,
    "testsRegistered": 1,
    "passPercent": 100,
    "pendingPercent": 0,
    "other": 0,
    "hasOther": false,
    "skipped": 0,
    "hasSkipped": false
  },
  "results": [
    {
      "uuid": "937e3ed8-3d3b-43a2-9e90-37fd4da5d423",
      "title": "",
      "fullFile": "",
      "file": "",
      "beforeHooks": [],
      "afterHooks": [],
      "tests": [],
      "suites": [
        {
          "uuid": "56dcc724-2e81-405e-930d-21f23a7faf3e",
          "title": "LoginNavigate",
          "fullFile": "/home/julian_villabona/Documents/Automation/puppeteer-codecept/codeceptjs-quickstart/LoginAndPlayaround_test.js",
          "file": "/LoginAndPlayaround_test.js",
          "beforeHooks": [
            {
              "title": "\"before all\" hook: codeceptjs.beforeSuite",
              "fullTitle": "LoginNavigate \"before all\" hook: codeceptjs.beforeSuite",
              "timedOut": false,
              "duration": 2,
              "state": null,
              "speed": null,
              "pass": false,
              "fail": false,
              "pending": false,
              "context": null,
              "code": "scenario.suiteSetup(suite)",
              "err": {},
              "uuid": "5a993340-6411-4ae5-9bae-c4ff6b253e6a",
              "parentUUID": "56dcc724-2e81-405e-930d-21f23a7faf3e",
              "isHook": true,
              "skipped": false
            },
            {
              "title": "\"before each\" hook: codeceptjs.before",
              "fullTitle": "LoginNavigate \"before each\" hook: codeceptjs.before",
              "timedOut": false,
              "duration": 1171,
              "state": null,
              "speed": null,
              "pass": false,
              "fail": false,
              "pending": false,
              "context": null,
              "code": "scenario.setup(suite)",
              "err": {},
              "uuid": "8a14abda-6e89-49f6-95f3-76a68bab19c9",
              "parentUUID": "56dcc724-2e81-405e-930d-21f23a7faf3e",
              "isHook": true,
              "skipped": false
            }
          ],
          "afterHooks": [
            {
              "title": "\"after all\" hook: codeceptjs.afterSuite",
              "fullTitle": "LoginNavigate \"after all\" hook: codeceptjs.afterSuite",
              "timedOut": false,
              "duration": 0,
              "state": null,
              "speed": null,
              "pass": false,
              "fail": false,
              "pending": false,
              "context": null,
              "code": "scenario.suiteTeardown(suite)",
              "err": {},
              "uuid": "d17896fb-caea-4cc8-a395-e89c2246709c",
              "parentUUID": "56dcc724-2e81-405e-930d-21f23a7faf3e",
              "isHook": true,
              "skipped": false
            },
            {
              "title": "\"after each\" hook: finalize codeceptjs",
              "fullTitle": "LoginNavigate \"after each\" hook: finalize codeceptjs",
              "timedOut": false,
              "duration": 82,
              "state": null,
              "speed": null,
              "pass": false,
              "fail": false,
              "pending": false,
              "context": null,
              "code": "scenario.teardown(suite)",
              "err": {},
              "uuid": "7011f0b7-0941-4c61-afe0-3a4901e69b8d",
              "parentUUID": "56dcc724-2e81-405e-930d-21f23a7faf3e",
              "isHook": true,
              "skipped": false
            }
          ],
          "tests": [
            {
              "title": "Login to Demo site",
              "fullTitle": "LoginNavigate: Login to Demo site",
              "timedOut": false,
              "duration": 2337,
              "state": "passed",
              "speed": "slow",
              "pass": true,
              "fail": false,
              "pending": false,
              "context": null,
              "code": "I.amOnPage('/Login.html')\nI.fillField('UserName', 'admin')\nI.fillField('Password', 'password')\nI.click(\"//input[@type='submit']\")\nI.waitForElement({xpath: \"//input[@name='Initial']\"})\nI.saveScreenshot('loggedIn.jpg')\n\nI.selectOption({css:'#TitleId'}, 'Mr.')\nI.saveScreenshot('selectOption.jpg')\nI.checkOption('Hindi')\nI.fillField('FirstName', 'Julian')",
              "err": {},
              "uuid": "086e02a8-8875-488f-ae82-9ab500329504",
              "parentUUID": "56dcc724-2e81-405e-930d-21f23a7faf3e",
              "isHook": false,
              "skipped": false
            }
          ],
          "suites": [],
          "passes": [
            "086e02a8-8875-488f-ae82-9ab500329504"
          ],
          "failures": [],
          "pending": [],
          "skipped": [],
          "duration": 2337,
          "root": false,
          "rootEmpty": false,
          "_timeout": 0
        }
      ],
      "passes": [],
      "failures": [],
      "pending": [],
      "skipped": [],
      "duration": 0,
      "root": true,
      "rootEmpty": true,
      "_timeout": 0
    }
  ],
  "meta": {
    "mocha": {
      "version": "6.2.2"
    },
    "mochawesome": {
      "options": {
        "quiet": false,
        "reportFilename": "mochawesome",
        "saveHtml": true,
        "saveJson": true,
        "consoleReporter": "spec",
        "useInlineDiffs": false
      },
      "version": "4.1.0"
    },
    "marge": {
      "options": {},
      "version": "4.1.0"
    }
  }
}